Build started 22/10/15 23:05:45.
     1>Project "\\Mac\Home\Documents\Visual Studio 2013\Projects\Basar-G-Project2-V1\MFCApplication4\MFCApplication4.vcxproj" on node 2 (Build target(s)).
     1>ClCompile:
         C:\Program Files (x86)\Microsoft Visual Studio 12.0\VC\bin\CL.exe /c /ZI /nologo /W3 /WX- /Od /Oy- /D WIN32 /D _WINDOWS /D _DEBUG /D _UNICODE /D UNICODE /D _AFXDLL /Gm /EHsc /RTC1 /MDd /GS /fp:precise /Zc:wchar_t /Zc:forScope /Yu"stdafx.h" /Fp"Debug\MFCApplication4.pch" /Fo"Debug\\" /Fd"Debug\vc120.pdb" /Gd /TP /analyze- /errorReport:prompt ChildView.cpp MFCApplication4.cpp MainFrm.cpp
         MFCApplication4.cpp
         Generating Code...
         Compiling...
         MainFrm.cpp
         Generating Code...
         Skipping... (no relevant changes detected)
         ChildView.cpp
       Link:
         C:\Program Files (x86)\Microsoft Visual Studio 12.0\VC\bin\link.exe /ERRORREPORT:PROMPT /OUT:"\\Mac\Home\Documents\Visual Studio 2013\Projects\Basar-G-Project2-V1\Debug\MFCApplication4.exe" /INCREMENTAL /NOLOGO /MANIFEST /MANIFESTUAC:"level='asInvoker' uiAccess='false'" /manifest:embed /manifestinput:"C:\Program Files (x86)\Microsoft Visual Studio 12.0\VC\Include\Manifest\dpiaware.manifest" /DEBUG /PDB:"\\Mac\Home\Documents\Visual Studio 2013\Projects\Basar-G-Project2-V1\Debug\MFCApplication4.pdb" /SUBSYSTEM:WINDOWS /TLBID:1 /ENTRY:"wWinMainCRTStartup" /DYNAMICBASE /NXCOMPAT /IMPLIB:"\\Mac\Home\Documents\Visual Studio 2013\Projects\Basar-G-Project2-V1\Debug\MFCApplication4.lib" /MACHINE:X86 Debug\MFCApplication4.res
         Debug\ChildView.obj
         Debug\MainFrm.obj
         Debug\MFCApplication4.obj
         Debug\stdafx.obj
         MFCApplication4.vcxproj -> \\Mac\Home\Documents\Visual Studio 2013\Projects\Basar-G-Project2-V1\Debug\MFCApplication4.exe
     1>Done Building Project "\\Mac\Home\Documents\Visual Studio 2013\Projects\Basar-G-Project2-V1\MFCApplication4\MFCApplication4.vcxproj" (Build target(s)).

Build succeeded.

Time Elapsed 00:00:01.71
